<?xml version="1.0" encoding="UTF-8"?>
<!-- Generated by org.testng.reporters.JUnitXMLReporter -->
<testsuite ignored="0" hostname="DESKTOP-1EIV60U" failures="1" tests="1" name="Test" time="32.757" errors="0" timestamp="2023-01-24T22:56:50 IST">
  <testcase classname="functional_TestCase.NegativeTestFormData" name="negativeTest" time="14.651">
    <failure type="java.lang.AssertionError" message="Failed to get Error Message expected [true] but found [false]">
      <![CDATA[java.lang.AssertionError: Failed to get Error Message expected [true] but found [false]
at functional_TestCase.NegativeTestFormData.negativeTest(NegativeTestFormData.java:26)
at java.base/java.util.ArrayList.forEach(ArrayList.java:1511)
... Removed 32 stack frames]]>
    </failure>
  </testcase> <!-- negativeTest -->
</testsuite> <!-- Test -->
